current directory: /Users/shamselnawawi/Documents/GitHub/modern-resume-theme/vendor/bundle/ruby/2.7.0/gems/ffi-1.11.1/ext/ffi_c
/Users/shamselnawawi/.rvm/rubies/ruby-2.7.1/bin/ruby -I /Users/shamselnawawi/.rvm/rubies/ruby-2.7.1/lib/ruby/2.7.0 -r ./siteconf20200908-76687-dlrh53.rb extconf.rb
checking for ffi_call() in -lffi... yes
checking for ffi_closure_alloc()... no
checking for shlwapi.h... no
checking for rb_thread_call_without_gvl()... yes
checking for ruby_native_thread_p()... yes
checking for ruby_thread_has_gvl_p()... yes
creating extconf.h
creating Makefile

current directory: /Users/shamselnawawi/Documents/GitHub/modern-resume-theme/vendor/bundle/ruby/2.7.0/gems/ffi-1.11.1/ext/ffi_c
make "DESTDIR=" clean

current directory: /Users/shamselnawawi/Documents/GitHub/modern-resume-theme/vendor/bundle/ruby/2.7.0/gems/ffi-1.11.1/ext/ffi_c
make "DESTDIR="
Configuring libffi
clang: error: unsupported option '-print-multi-os-directory'
clang: error: no input files
cd "/Users/shamselnawawi/Documents/GitHub/modern-resume-theme/vendor/bundle/ruby/2.7.0/gems/ffi-1.11.1/ext/ffi_c/libffi-x86_64-darwin17" && /Users/shamselnawawi/Downloads/Xcode.app/Contents/Developer/usr/bin/make
/Users/shamselnawawi/Downloads/Xcode.app/Contents/Developer/usr/bin/make 'AR_FLAGS=' 'CC_FOR_BUILD=' 'CFLAGS=-Wall -fexceptions' 'CXXFLAGS=-g -O2' 'CFLAGS_FOR_BUILD=' 'CFLAGS_FOR_TARGET=' 'INSTALL=/usr/local/bin/ginstall -c' 'INSTALL_DATA=/usr/local/bin/ginstall -c -m 644' 'INSTALL_PROGRAM=/usr/local/bin/ginstall -c' 'INSTALL_SCRIPT=/usr/local/bin/ginstall -c' 'JC1FLAGS=' 'LDFLAGS=' 'LIBCFLAGS=' 'LIBCFLAGS_FOR_TARGET=' 'MAKE=/Users/shamselnawawi/Downloads/Xcode.app/Contents/Developer/usr/bin/make' 'MAKEINFO=/bin/sh /Users/shamselnawawi/Documents/GitHub/modern-resume-theme/vendor/bundle/ruby/2.7.0/gems/ffi-1.11.1/ext/ffi_c/libffi/missing makeinfo ' 'PICFLAG=' 'PICFLAG_FOR_TARGET=' 'RUNTESTFLAGS=' 'SHELL=/bin/sh' 'exec_prefix=/usr/local' 'infodir=/usr/local/share/info' 'libdir=/usr/local/lib' 'mandir=/usr/local/share/man' 'prefix=/usr/local' 'AR=ar' 'AS=as' 'CC=gcc' 'CXX=g++' 'LD=ld' 'NM=/usr/bin/nm -B' 'RANLIB=ranlib' 'DESTDIR=' all-recursive
Making all in include
make[3]: Nothing to be done for `all'.
Making all in testsuite
make[3]: Nothing to be done for `all'.
Making all in man
make[3]: Nothing to be done for `all'.
/bin/sh ./libtool  --tag=CC   --mode=compile gcc -DHAVE_CONFIG_H -I. -I/Users/shamselnawawi/Documents/GitHub/modern-resume-theme/vendor/bundle/ruby/2.7.0/gems/ffi-1.11.1/ext/ffi_c/libffi  -I. -I/Users/shamselnawawi/Documents/GitHub/modern-resume-theme/vendor/bundle/ruby/2.7.0/gems/ffi-1.11.1/ext/ffi_c/libffi/include -Iinclude -I/Users/shamselnawawi/Documents/GitHub/modern-resume-theme/vendor/bundle/ruby/2.7.0/gems/ffi-1.11.1/ext/ffi_c/libffi/src   -Wall -fexceptions -c -o src/prep_cif.lo /Users/shamselnawawi/Documents/GitHub/modern-resume-theme/vendor/bundle/ruby/2.7.0/gems/ffi-1.11.1/ext/ffi_c/libffi/src/prep_cif.c
libtool: compile:  gcc -DHAVE_CONFIG_H -I. -I/Users/shamselnawawi/Documents/GitHub/modern-resume-theme/vendor/bundle/ruby/2.7.0/gems/ffi-1.11.1/ext/ffi_c/libffi -I. -I/Users/shamselnawawi/Documents/GitHub/modern-resume-theme/vendor/bundle/ruby/2.7.0/gems/ffi-1.11.1/ext/ffi_c/libffi/include -Iinclude -I/Users/shamselnawawi/Documents/GitHub/modern-resume-theme/vendor/bundle/ruby/2.7.0/gems/ffi-1.11.1/ext/ffi_c/libffi/src -Wall -fexceptions -c /Users/shamselnawawi/Documents/GitHub/modern-resume-theme/vendor/bundle/ruby/2.7.0/gems/ffi-1.11.1/ext/ffi_c/libffi/src/prep_cif.c  -fno-common -DPIC -o src/.libs/prep_cif.o
/bin/sh ./libtool  --tag=CC   --mode=compile gcc -DHAVE_CONFIG_H -I. -I/Users/shamselnawawi/Documents/GitHub/modern-resume-theme/vendor/bundle/ruby/2.7.0/gems/ffi-1.11.1/ext/ffi_c/libffi  -I. -I/Users/shamselnawawi/Documents/GitHub/modern-resume-theme/vendor/bundle/ruby/2.7.0/gems/ffi-1.11.1/ext/ffi_c/libffi/include -Iinclude -I/Users/shamselnawawi/Documents/GitHub/modern-resume-theme/vendor/bundle/ruby/2.7.0/gems/ffi-1.11.1/ext/ffi_c/libffi/src   -Wall -fexceptions -c -o src/types.lo /Users/shamselnawawi/Documents/GitHub/modern-resume-theme/vendor/bundle/ruby/2.7.0/gems/ffi-1.11.1/ext/ffi_c/libffi/src/types.c
libtool: compile:  gcc -DHAVE_CONFIG_H -I. -I/Users/shamselnawawi/Documents/GitHub/modern-resume-theme/vendor/bundle/ruby/2.7.0/gems/ffi-1.11.1/ext/ffi_c/libffi -I. -I/Users/shamselnawawi/Documents/GitHub/modern-resume-theme/vendor/bundle/ruby/2.7.0/gems/ffi-1.11.1/ext/ffi_c/libffi/include -Iinclude -I/Users/shamselnawawi/Documents/GitHub/modern-resume-theme/vendor/bundle/ruby/2.7.0/gems/ffi-1.11.1/ext/ffi_c/libffi/src -Wall -fexceptions -c /Users/shamselnawawi/Documents/GitHub/modern-resume-theme/vendor/bundle/ruby/2.7.0/gems/ffi-1.11.1/ext/ffi_c/libffi/src/types.c  -fno-common -DPIC -o src/.libs/types.o
/bin/sh ./libtool  --tag=CC   --mode=compile gcc -DHAVE_CONFIG_H -I. -I/Users/shamselnawawi/Documents/GitHub/modern-resume-theme/vendor/bundle/ruby/2.7.0/gems/ffi-1.11.1/ext/ffi_c/libffi  -I. -I/Users/shamselnawawi/Documents/GitHub/modern-resume-theme/vendor/bundle/ruby/2.7.0/gems/ffi-1.11.1/ext/ffi_c/libffi/include -Iinclude -I/Users/shamselnawawi/Documents/GitHub/modern-resume-theme/vendor/bundle/ruby/2.7.0/gems/ffi-1.11.1/ext/ffi_c/libffi/src   -Wall -fexceptions -c -o src/raw_api.lo /Users/shamselnawawi/Documents/GitHub/modern-resume-theme/vendor/bundle/ruby/2.7.0/gems/ffi-1.11.1/ext/ffi_c/libffi/src/raw_api.c
libtool: compile:  gcc -DHAVE_CONFIG_H -I. -I/Users/shamselnawawi/Documents/GitHub/modern-resume-theme/vendor/bundle/ruby/2.7.0/gems/ffi-1.11.1/ext/ffi_c/libffi -I. -I/Users/shamselnawawi/Documents/GitHub/modern-resume-theme/vendor/bundle/ruby/2.7.0/gems/ffi-1.11.1/ext/ffi_c/libffi/include -Iinclude -I/Users/shamselnawawi/Documents/GitHub/modern-resume-theme/vendor/bundle/ruby/2.7.0/gems/ffi-1.11.1/ext/ffi_c/libffi/src -Wall -fexceptions -c /Users/shamselnawawi/Documents/GitHub/modern-resume-theme/vendor/bundle/ruby/2.7.0/gems/ffi-1.11.1/ext/ffi_c/libffi/src/raw_api.c  -fno-common -DPIC -o src/.libs/raw_api.o
/bin/sh ./libtool  --tag=CC   --mode=compile gcc -DHAVE_CONFIG_H -I. -I/Users/shamselnawawi/Documents/GitHub/modern-resume-theme/vendor/bundle/ruby/2.7.0/gems/ffi-1.11.1/ext/ffi_c/libffi  -I. -I/Users/shamselnawawi/Documents/GitHub/modern-resume-theme/vendor/bundle/ruby/2.7.0/gems/ffi-1.11.1/ext/ffi_c/libffi/include -Iinclude -I/Users/shamselnawawi/Documents/GitHub/modern-resume-theme/vendor/bundle/ruby/2.7.0/gems/ffi-1.11.1/ext/ffi_c/libffi/src   -Wall -fexceptions -c -o src/java_raw_api.lo /Users/shamselnawawi/Documents/GitHub/modern-resume-theme/vendor/bundle/ruby/2.7.0/gems/ffi-1.11.1/ext/ffi_c/libffi/src/java_raw_api.c
libtool: compile:  gcc -DHAVE_CONFIG_H -I. -I/Users/shamselnawawi/Documents/GitHub/modern-resume-theme/vendor/bundle/ruby/2.7.0/gems/ffi-1.11.1/ext/ffi_c/libffi -I. -I/Users/shamselnawawi/Documents/GitHub/modern-resume-theme/vendor/bundle/ruby/2.7.0/gems/ffi-1.11.1/ext/ffi_c/libffi/include -Iinclude -I/Users/shamselnawawi/Documents/GitHub/modern-resume-theme/vendor/bundle/ruby/2.7.0/gems/ffi-1.11.1/ext/ffi_c/libffi/src -Wall -fexceptions -c /Users/shamselnawawi/Documents/GitHub/modern-resume-theme/vendor/bundle/ruby/2.7.0/gems/ffi-1.11.1/ext/ffi_c/libffi/src/java_raw_api.c  -fno-common -DPIC -o src/.libs/java_raw_api.o
/bin/sh ./libtool  --tag=CC   --mode=compile gcc -DHAVE_CONFIG_H -I. -I/Users/shamselnawawi/Documents/GitHub/modern-resume-theme/vendor/bundle/ruby/2.7.0/gems/ffi-1.11.1/ext/ffi_c/libffi  -I. -I/Users/shamselnawawi/Documents/GitHub/modern-resume-theme/vendor/bundle/ruby/2.7.0/gems/ffi-1.11.1/ext/ffi_c/libffi/include -Iinclude -I/Users/shamselnawawi/Documents/GitHub/modern-resume-theme/vendor/bundle/ruby/2.7.0/gems/ffi-1.11.1/ext/ffi_c/libffi/src   -Wall -fexceptions -c -o src/closures.lo /Users/shamselnawawi/Documents/GitHub/modern-resume-theme/vendor/bundle/ruby/2.7.0/gems/ffi-1.11.1/ext/ffi_c/libffi/src/closures.c
libtool: compile:  gcc -DHAVE_CONFIG_H -I. -I/Users/shamselnawawi/Documents/GitHub/modern-resume-theme/vendor/bundle/ruby/2.7.0/gems/ffi-1.11.1/ext/ffi_c/libffi -I. -I/Users/shamselnawawi/Documents/GitHub/modern-resume-theme/vendor/bundle/ruby/2.7.0/gems/ffi-1.11.1/ext/ffi_c/libffi/include -Iinclude -I/Users/shamselnawawi/Documents/GitHub/modern-resume-theme/vendor/bundle/ruby/2.7.0/gems/ffi-1.11.1/ext/ffi_c/libffi/src -Wall -fexceptions -c /Users/shamselnawawi/Documents/GitHub/modern-resume-theme/vendor/bundle/ruby/2.7.0/gems/ffi-1.11.1/ext/ffi_c/libffi/src/closures.c  -fno-common -DPIC -o src/.libs/closures.o
/bin/sh ./libtool  --tag=CC   --mode=compile gcc -DHAVE_CONFIG_H -I. -I/Users/shamselnawawi/Documents/GitHub/modern-resume-theme/vendor/bundle/ruby/2.7.0/gems/ffi-1.11.1/ext/ffi_c/libffi  -I. -I/Users/shamselnawawi/Documents/GitHub/modern-resume-theme/vendor/bundle/ruby/2.7.0/gems/ffi-1.11.1/ext/ffi_c/libffi/include -Iinclude -I/Users/shamselnawawi/Documents/GitHub/modern-resume-theme/vendor/bundle/ruby/2.7.0/gems/ffi-1.11.1/ext/ffi_c/libffi/src   -Wall -fexceptions -c -o src/x86/ffi64.lo /Users/shamselnawawi/Documents/GitHub/modern-resume-theme/vendor/bundle/ruby/2.7.0/gems/ffi-1.11.1/ext/ffi_c/libffi/src/x86/ffi64.c
libtool: compile:  gcc -DHAVE_CONFIG_H -I. -I/Users/shamselnawawi/Documents/GitHub/modern-resume-theme/vendor/bundle/ruby/2.7.0/gems/ffi-1.11.1/ext/ffi_c/libffi -I. -I/Users/shamselnawawi/Documents/GitHub/modern-resume-theme/vendor/bundle/ruby/2.7.0/gems/ffi-1.11.1/ext/ffi_c/libffi/include -Iinclude -I/Users/shamselnawawi/Documents/GitHub/modern-resume-theme/vendor/bundle/ruby/2.7.0/gems/ffi-1.11.1/ext/ffi_c/libffi/src -Wall -fexceptions -c /Users/shamselnawawi/Documents/GitHub/modern-resume-theme/vendor/bundle/ruby/2.7.0/gems/ffi-1.11.1/ext/ffi_c/libffi/src/x86/ffi64.c  -fno-common -DPIC -o src/x86/.libs/ffi64.o
/bin/sh ./libtool    --mode=compile gcc -DHAVE_CONFIG_H -I. -I/Users/shamselnawawi/Documents/GitHub/modern-resume-theme/vendor/bundle/ruby/2.7.0/gems/ffi-1.11.1/ext/ffi_c/libffi  -I. -I/Users/shamselnawawi/Documents/GitHub/modern-resume-theme/vendor/bundle/ruby/2.7.0/gems/ffi-1.11.1/ext/ffi_c/libffi/include -Iinclude -I/Users/shamselnawawi/Documents/GitHub/modern-resume-theme/vendor/bundle/ruby/2.7.0/gems/ffi-1.11.1/ext/ffi_c/libffi/src  -I. -I/Users/shamselnawawi/Documents/GitHub/modern-resume-theme/vendor/bundle/ruby/2.7.0/gems/ffi-1.11.1/ext/ffi_c/libffi/include -Iinclude -I/Users/shamselnawawi/Documents/GitHub/modern-resume-theme/vendor/bundle/ruby/2.7.0/gems/ffi-1.11.1/ext/ffi_c/libffi/src  -c -o src/x86/unix64.lo /Users/shamselnawawi/Documents/GitHub/modern-resume-theme/vendor/bundle/ruby/2.7.0/gems/ffi-1.11.1/ext/ffi_c/libffi/src/x86/unix64.S
libtool: compile:  gcc -DHAVE_CONFIG_H -I. -I/Users/shamselnawawi/Documents/GitHub/modern-resume-theme/vendor/bundle/ruby/2.7.0/gems/ffi-1.11.1/ext/ffi_c/libffi -I. -I/Users/shamselnawawi/Documents/GitHub/modern-resume-theme/vendor/bundle/ruby/2.7.0/gems/ffi-1.11.1/ext/ffi_c/libffi/include -Iinclude -I/Users/shamselnawawi/Documents/GitHub/modern-resume-theme/vendor/bundle/ruby/2.7.0/gems/ffi-1.11.1/ext/ffi_c/libffi/src -I. -I/Users/shamselnawawi/Documents/GitHub/modern-resume-theme/vendor/bundle/ruby/2.7.0/gems/ffi-1.11.1/ext/ffi_c/libffi/include -Iinclude -I/Users/shamselnawawi/Documents/GitHub/modern-resume-theme/vendor/bundle/ruby/2.7.0/gems/ffi-1.11.1/ext/ffi_c/libffi/src -c /Users/shamselnawawi/Documents/GitHub/modern-resume-theme/vendor/bundle/ruby/2.7.0/gems/ffi-1.11.1/ext/ffi_c/libffi/src/x86/unix64.S  -fno-common -DPIC -o src/x86/.libs/unix64.o
/bin/sh ./libtool  --tag=CC   --mode=compile gcc -DHAVE_CONFIG_H -I. -I/Users/shamselnawawi/Documents/GitHub/modern-resume-theme/vendor/bundle/ruby/2.7.0/gems/ffi-1.11.1/ext/ffi_c/libffi  -I. -I/Users/shamselnawawi/Documents/GitHub/modern-resume-theme/vendor/bundle/ruby/2.7.0/gems/ffi-1.11.1/ext/ffi_c/libffi/include -Iinclude -I/Users/shamselnawawi/Documents/GitHub/modern-resume-theme/vendor/bundle/ruby/2.7.0/gems/ffi-1.11.1/ext/ffi_c/libffi/src   -Wall -fexceptions -c -o src/x86/ffiw64.lo /Users/shamselnawawi/Documents/GitHub/modern-resume-theme/vendor/bundle/ruby/2.7.0/gems/ffi-1.11.1/ext/ffi_c/libffi/src/x86/ffiw64.c
libtool: compile:  gcc -DHAVE_CONFIG_H -I. -I/Users/shamselnawawi/Documents/GitHub/modern-resume-theme/vendor/bundle/ruby/2.7.0/gems/ffi-1.11.1/ext/ffi_c/libffi -I. -I/Users/shamselnawawi/Documents/GitHub/modern-resume-theme/vendor/bundle/ruby/2.7.0/gems/ffi-1.11.1/ext/ffi_c/libffi/include -Iinclude -I/Users/shamselnawawi/Documents/GitHub/modern-resume-theme/vendor/bundle/ruby/2.7.0/gems/ffi-1.11.1/ext/ffi_c/libffi/src -Wall -fexceptions -c /Users/shamselnawawi/Documents/GitHub/modern-resume-theme/vendor/bundle/ruby/2.7.0/gems/ffi-1.11.1/ext/ffi_c/libffi/src/x86/ffiw64.c  -fno-common -DPIC -o src/x86/.libs/ffiw64.o
/bin/sh ./libtool    --mode=compile gcc -DHAVE_CONFIG_H -I. -I/Users/shamselnawawi/Documents/GitHub/modern-resume-theme/vendor/bundle/ruby/2.7.0/gems/ffi-1.11.1/ext/ffi_c/libffi  -I. -I/Users/shamselnawawi/Documents/GitHub/modern-resume-theme/vendor/bundle/ruby/2.7.0/gems/ffi-1.11.1/ext/ffi_c/libffi/include -Iinclude -I/Users/shamselnawawi/Documents/GitHub/modern-resume-theme/vendor/bundle/ruby/2.7.0/gems/ffi-1.11.1/ext/ffi_c/libffi/src  -I. -I/Users/shamselnawawi/Documents/GitHub/modern-resume-theme/vendor/bundle/ruby/2.7.0/gems/ffi-1.11.1/ext/ffi_c/libffi/include -Iinclude -I/Users/shamselnawawi/Documents/GitHub/modern-resume-theme/vendor/bundle/ruby/2.7.0/gems/ffi-1.11.1/ext/ffi_c/libffi/src  -c -o src/x86/win64.lo /Users/shamselnawawi/Documents/GitHub/modern-resume-theme/vendor/bundle/ruby/2.7.0/gems/ffi-1.11.1/ext/ffi_c/libffi/src/x86/win64.S
libtool: compile:  gcc -DHAVE_CONFIG_H -I. -I/Users/shamselnawawi/Documents/GitHub/modern-resume-theme/vendor/bundle/ruby/2.7.0/gems/ffi-1.11.1/ext/ffi_c/libffi -I. -I/Users/shamselnawawi/Documents/GitHub/modern-resume-theme/vendor/bundle/ruby/2.7.0/gems/ffi-1.11.1/ext/ffi_c/libffi/include -Iinclude -I/Users/shamselnawawi/Documents/GitHub/modern-resume-theme/vendor/bundle/ruby/2.7.0/gems/ffi-1.11.1/ext/ffi_c/libffi/src -I. -I/Users/shamselnawawi/Documents/GitHub/modern-resume-theme/vendor/bundle/ruby/2.7.0/gems/ffi-1.11.1/ext/ffi_c/libffi/include -Iinclude -I/Users/shamselnawawi/Documents/GitHub/modern-resume-theme/vendor/bundle/ruby/2.7.0/gems/ffi-1.11.1/ext/ffi_c/libffi/src -c /Users/shamselnawawi/Documents/GitHub/modern-resume-theme/vendor/bundle/ruby/2.7.0/gems/ffi-1.11.1/ext/ffi_c/libffi/src/x86/win64.S  -fno-common -DPIC -o src/x86/.libs/win64.o
/bin/sh ./libtool  --tag=CC   --mode=link gcc  -Wall -fexceptions   -o libffi_convenience.la  src/prep_cif.lo src/types.lo src/raw_api.lo src/java_raw_api.lo src/closures.lo   src/x86/ffi64.lo src/x86/unix64.lo src/x86/ffiw64.lo src/x86/win64.lo 
libtool: link: ar cru .libs/libffi_convenience.a src/.libs/prep_cif.o src/.libs/types.o src/.libs/raw_api.o src/.libs/java_raw_api.o src/.libs/closures.o src/x86/.libs/ffi64.o src/x86/.libs/unix64.o src/x86/.libs/ffiw64.o src/x86/.libs/win64.o 
libtool: link: ranlib .libs/libffi_convenience.a
libtool: link: ( cd ".libs" && rm -f "libffi_convenience.la" && ln -s "../libffi_convenience.la" "libffi_convenience.la" )
/bin/sh ./libtool  --tag=CC   --mode=link gcc  -Wall -fexceptions -no-undefined -version-info `grep -v '^#' /Users/shamselnawawi/Documents/GitHub/modern-resume-theme/vendor/bundle/ruby/2.7.0/gems/ffi-1.11.1/ext/ffi_c/libffi/libtool-version`     -o libffi.la -rpath /usr/local/lib src/prep_cif.lo src/types.lo src/raw_api.lo src/java_raw_api.lo src/closures.lo  src/x86/ffi64.lo src/x86/unix64.lo src/x86/ffiw64.lo src/x86/win64.lo 
libtool: link:  gcc -dynamiclib  -o .libs/libffi.7.dylib  src/.libs/prep_cif.o src/.libs/types.o src/.libs/raw_api.o src/.libs/java_raw_api.o src/.libs/closures.o src/x86/.libs/ffi64.o src/x86/.libs/unix64.o src/x86/.libs/ffiw64.o src/x86/.libs/win64.o      -install_name  /usr/local/lib/libffi.7.dylib -compatibility_version 9 -current_version 9.0 -Wl,-single_module
libtool: link: (cd ".libs" && rm -f "libffi.dylib" && ln -s "libffi.7.dylib" "libffi.dylib")
libtool: link: ( cd ".libs" && rm -f "libffi.la" && ln -s "../libffi.la" "libffi.la" )
compiling AbstractMemory.c
compiling ArrayType.c
compiling Buffer.c
compiling Call.c
Call.c:403:20: warning: incompatible pointer types passing 'VALUE (void *)' (aka 'unsigned long (void *)') to parameter of type 'VALUE (*)(VALUE)' (aka 'unsigned long (*)(unsigned long)') [-Wincompatible-pointer-types]
        rb_rescue2(rbffi_do_blocking_call, (VALUE) bc, rbffi_save_frame_exception, (VALUE) &frame, rb_eException, (VALUE) 0);
                   ^~~~~~~~~~~~~~~~~~~~~~
/Users/shamselnawawi/.rvm/rubies/ruby-2.7.1/include/ruby-2.7.0/ruby/ruby.h:1988:25: note: passing argument to parameter here
VALUE rb_rescue2(VALUE(*)(VALUE),VALUE,VALUE(*)(VALUE,VALUE),VALUE,...);
                        ^
Call.c:403:56: warning: incompatible pointer types passing 'VALUE (void *, VALUE)' (aka 'unsigned long (void *, unsigned long)') to parameter of type 'VALUE (*)(VALUE, VALUE)' (aka 'unsigned long (*)(unsigned long, unsigned long)') [-Wincompatible-pointer-types]
        rb_rescue2(rbffi_do_blocking_call, (VALUE) bc, rbffi_save_frame_exception, (VALUE) &frame, rb_eException, (VALUE) 0);
                                                       ^~~~~~~~~~~~~~~~~~~~~~~~~~
/Users/shamselnawawi/.rvm/rubies/ruby-2.7.1/include/ruby-2.7.0/ruby/ruby.h:1988:47: note: passing argument to parameter here
VALUE rb_rescue2(VALUE(*)(VALUE),VALUE,VALUE(*)(VALUE,VALUE),VALUE,...);
                                              ^
2 warnings generated.
compiling ClosurePool.c
compiling DynamicLibrary.c
compiling Function.c
Function.c:656:16: warning: incompatible pointer types passing 'VALUE (void *)' (aka 'unsigned long (void *)') to parameter of type 'VALUE (*)(VALUE)' (aka 'unsigned long (*)(unsigned long)') [-Wincompatible-pointer-types]
    rb_rescue2(invoke_callback, (VALUE) data, save_callback_exception, (VALUE) data, rb_eException, (VALUE) 0);
               ^~~~~~~~~~~~~~~
/Users/shamselnawawi/.rvm/rubies/ruby-2.7.1/include/ruby-2.7.0/ruby/ruby.h:1988:25: note: passing argument to parameter here
VALUE rb_rescue2(VALUE(*)(VALUE),VALUE,VALUE(*)(VALUE,VALUE),VALUE,...);
                        ^
Function.c:656:47: warning: incompatible pointer types passing 'VALUE (void *, VALUE)' (aka 'unsigned long (void *, unsigned long)') to parameter of type 'VALUE (*)(VALUE, VALUE)' (aka 'unsigned long (*)(unsigned long, unsigned long)') [-Wincompatible-pointer-types]
    rb_rescue2(invoke_callback, (VALUE) data, save_callback_exception, (VALUE) data, rb_eException, (VALUE) 0);
                                              ^~~~~~~~~~~~~~~~~~~~~~~
/Users/shamselnawawi/.rvm/rubies/ruby-2.7.1/include/ruby-2.7.0/ruby/ruby.h:1988:47: note: passing argument to parameter here
VALUE rb_rescue2(VALUE(*)(VALUE),VALUE,VALUE(*)(VALUE,VALUE),VALUE,...);
                                              ^
Function.c:867:17: warning: 'ffi_prep_closure' is deprecated [-Wdeprecated-declarations]
    ffiStatus = ffi_prep_closure(code, &fnInfo->ffi_cif, callback_invoke, closure);
                ^
/Users/shamselnawawi/Documents/GitHub/modern-resume-theme/vendor/bundle/ruby/2.7.0/gems/ffi-1.11.1/ext/ffi_c/libffi-x86_64-darwin17/include/ffi.h:339:18: note: 'ffi_prep_closure' has been explicitly marked deprecated here
  __attribute__((deprecated))
                 ^
3 warnings generated.
compiling FunctionInfo.c
compiling LastError.c
compiling LongDouble.c
LongDouble.c:19:59: warning: incompatible pointer types passing 'VALUE (VALUE)' (aka 'unsigned long (unsigned long)') to parameter of type 'VALUE (*)(VALUE, VALUE)' (aka 'unsigned long (*)(unsigned long, unsigned long)') [-Wincompatible-pointer-types]
        rb_cBigDecimal = rb_rescue(bigdecimal_load, Qnil, bigdecimal_failed, rb_cObject);
                                                          ^~~~~~~~~~~~~~~~~
/Users/shamselnawawi/.rvm/rubies/ruby-2.7.1/include/ruby-2.7.0/ruby/ruby.h:1987:46: note: passing argument to parameter here
VALUE rb_rescue(VALUE(*)(VALUE),VALUE,VALUE(*)(VALUE,VALUE),VALUE);
                                             ^
1 warning generated.
compiling MappedType.c
compiling MemoryPointer.c
compiling MethodHandle.c
compiling Platform.c
compiling Pointer.c
compiling Struct.c
compiling StructByValue.c
compiling StructLayout.c
compiling Thread.c
compiling Type.c
compiling Types.c
compiling Variadic.c
Variadic.c:270:20: warning: incompatible pointer types passing 'VALUE (void *)' (aka 'unsigned long (void *)') to parameter of type 'VALUE (*)(VALUE)' (aka 'unsigned long (*)(unsigned long)') [-Wincompatible-pointer-types]
        rb_rescue2(rbffi_do_blocking_call, (VALUE) bc, rbffi_save_frame_exception, (VALUE) &frame, rb_eException, (VALUE) 0);
                   ^~~~~~~~~~~~~~~~~~~~~~
/Users/shamselnawawi/.rvm/rubies/ruby-2.7.1/include/ruby-2.7.0/ruby/ruby.h:1988:25: note: passing argument to parameter here
VALUE rb_rescue2(VALUE(*)(VALUE),VALUE,VALUE(*)(VALUE,VALUE),VALUE,...);
                        ^
Variadic.c:270:56: warning: incompatible pointer types passing 'VALUE (void *, VALUE)' (aka 'unsigned long (void *, unsigned long)') to parameter of type 'VALUE (*)(VALUE, VALUE)' (aka 'unsigned long (*)(unsigned long, unsigned long)') [-Wincompatible-pointer-types]
        rb_rescue2(rbffi_do_blocking_call, (VALUE) bc, rbffi_save_frame_exception, (VALUE) &frame, rb_eException, (VALUE) 0);
                                                       ^~~~~~~~~~~~~~~~~~~~~~~~~~
/Users/shamselnawawi/.rvm/rubies/ruby-2.7.1/include/ruby-2.7.0/ruby/ruby.h:1988:47: note: passing argument to parameter here
VALUE rb_rescue2(VALUE(*)(VALUE),VALUE,VALUE(*)(VALUE,VALUE),VALUE,...);
                                              ^
2 warnings generated.
compiling ffi.c
linking shared-object ffi_c.bundle

current directory: /Users/shamselnawawi/Documents/GitHub/modern-resume-theme/vendor/bundle/ruby/2.7.0/gems/ffi-1.11.1/ext/ffi_c
make "DESTDIR=" install
cd "/Users/shamselnawawi/Documents/GitHub/modern-resume-theme/vendor/bundle/ruby/2.7.0/gems/ffi-1.11.1/ext/ffi_c/libffi-x86_64-darwin17" && /Users/shamselnawawi/Downloads/Xcode.app/Contents/Developer/usr/bin/make
/Users/shamselnawawi/Downloads/Xcode.app/Contents/Developer/usr/bin/make 'AR_FLAGS=' 'CC_FOR_BUILD=' 'CFLAGS=-Wall -fexceptions' 'CXXFLAGS=-g -O2' 'CFLAGS_FOR_BUILD=' 'CFLAGS_FOR_TARGET=' 'INSTALL=/usr/local/bin/ginstall -c' 'INSTALL_DATA=/usr/local/bin/ginstall -c -m 644' 'INSTALL_PROGRAM=/usr/local/bin/ginstall -c' 'INSTALL_SCRIPT=/usr/local/bin/ginstall -c' 'JC1FLAGS=' 'LDFLAGS=' 'LIBCFLAGS=' 'LIBCFLAGS_FOR_TARGET=' 'MAKE=/Users/shamselnawawi/Downloads/Xcode.app/Contents/Developer/usr/bin/make' 'MAKEINFO=/bin/sh /Users/shamselnawawi/Documents/GitHub/modern-resume-theme/vendor/bundle/ruby/2.7.0/gems/ffi-1.11.1/ext/ffi_c/libffi/missing makeinfo ' 'PICFLAG=' 'PICFLAG_FOR_TARGET=' 'RUNTESTFLAGS=' 'SHELL=/bin/sh' 'exec_prefix=/usr/local' 'infodir=/usr/local/share/info' 'libdir=/usr/local/lib' 'mandir=/usr/local/share/man' 'prefix=/usr/local' 'AR=ar' 'AS=as' 'CC=gcc' 'CXX=g++' 'LD=ld' 'NM=/usr/bin/nm -B' 'RANLIB=ranlib' 'DESTDIR=' all-recursive
Making all in include
make[3]: Nothing to be done for `all'.
Making all in testsuite
make[3]: Nothing to be done for `all'.
Making all in man
make[3]: Nothing to be done for `all'.
make[3]: Nothing to be done for `all-am'.
compiling AbstractMemory.c
compiling ArrayType.c
compiling Buffer.c
compiling Call.c
Call.c:403:20: warning: incompatible pointer types passing 'VALUE (void *)' (aka 'unsigned long (void *)') to parameter of type 'VALUE (*)(VALUE)' (aka 'unsigned long (*)(unsigned long)') [-Wincompatible-pointer-types]
        rb_rescue2(rbffi_do_blocking_call, (VALUE) bc, rbffi_save_frame_exception, (VALUE) &frame, rb_eException, (VALUE) 0);
                   ^~~~~~~~~~~~~~~~~~~~~~
/Users/shamselnawawi/.rvm/rubies/ruby-2.7.1/include/ruby-2.7.0/ruby/ruby.h:1988:25: note: passing argument to parameter here
VALUE rb_rescue2(VALUE(*)(VALUE),VALUE,VALUE(*)(VALUE,VALUE),VALUE,...);
                        ^
Call.c:403:56: warning: incompatible pointer types passing 'VALUE (void *, VALUE)' (aka 'unsigned long (void *, unsigned long)') to parameter of type 'VALUE (*)(VALUE, VALUE)' (aka 'unsigned long (*)(unsigned long, unsigned long)') [-Wincompatible-pointer-types]
        rb_rescue2(rbffi_do_blocking_call, (VALUE) bc, rbffi_save_frame_exception, (VALUE) &frame, rb_eException, (VALUE) 0);
                                                       ^~~~~~~~~~~~~~~~~~~~~~~~~~
/Users/shamselnawawi/.rvm/rubies/ruby-2.7.1/include/ruby-2.7.0/ruby/ruby.h:1988:47: note: passing argument to parameter here
VALUE rb_rescue2(VALUE(*)(VALUE),VALUE,VALUE(*)(VALUE,VALUE),VALUE,...);
                                              ^
2 warnings generated.
compiling ClosurePool.c
compiling DynamicLibrary.c
compiling Function.c
Function.c:656:16: warning: incompatible pointer types passing 'VALUE (void *)' (aka 'unsigned long (void *)') to parameter of type 'VALUE (*)(VALUE)' (aka 'unsigned long (*)(unsigned long)') [-Wincompatible-pointer-types]
    rb_rescue2(invoke_callback, (VALUE) data, save_callback_exception, (VALUE) data, rb_eException, (VALUE) 0);
               ^~~~~~~~~~~~~~~
/Users/shamselnawawi/.rvm/rubies/ruby-2.7.1/include/ruby-2.7.0/ruby/ruby.h:1988:25: note: passing argument to parameter here
VALUE rb_rescue2(VALUE(*)(VALUE),VALUE,VALUE(*)(VALUE,VALUE),VALUE,...);
                        ^
Function.c:656:47: warning: incompatible pointer types passing 'VALUE (void *, VALUE)' (aka 'unsigned long (void *, unsigned long)') to parameter of type 'VALUE (*)(VALUE, VALUE)' (aka 'unsigned long (*)(unsigned long, unsigned long)') [-Wincompatible-pointer-types]
    rb_rescue2(invoke_callback, (VALUE) data, save_callback_exception, (VALUE) data, rb_eException, (VALUE) 0);
                                              ^~~~~~~~~~~~~~~~~~~~~~~
/Users/shamselnawawi/.rvm/rubies/ruby-2.7.1/include/ruby-2.7.0/ruby/ruby.h:1988:47: note: passing argument to parameter here
VALUE rb_rescue2(VALUE(*)(VALUE),VALUE,VALUE(*)(VALUE,VALUE),VALUE,...);
                                              ^
Function.c:867:17: warning: 'ffi_prep_closure' is deprecated [-Wdeprecated-declarations]
    ffiStatus = ffi_prep_closure(code, &fnInfo->ffi_cif, callback_invoke, closure);
                ^
/Users/shamselnawawi/Documents/GitHub/modern-resume-theme/vendor/bundle/ruby/2.7.0/gems/ffi-1.11.1/ext/ffi_c/libffi-x86_64-darwin17/include/ffi.h:339:18: note: 'ffi_prep_closure' has been explicitly marked deprecated here
  __attribute__((deprecated))
                 ^
3 warnings generated.
compiling FunctionInfo.c
compiling LastError.c
compiling LongDouble.c
LongDouble.c:19:59: warning: incompatible pointer types passing 'VALUE (VALUE)' (aka 'unsigned long (unsigned long)') to parameter of type 'VALUE (*)(VALUE, VALUE)' (aka 'unsigned long (*)(unsigned long, unsigned long)') [-Wincompatible-pointer-types]
        rb_cBigDecimal = rb_rescue(bigdecimal_load, Qnil, bigdecimal_failed, rb_cObject);
                                                          ^~~~~~~~~~~~~~~~~
/Users/shamselnawawi/.rvm/rubies/ruby-2.7.1/include/ruby-2.7.0/ruby/ruby.h:1987:46: note: passing argument to parameter here
VALUE rb_rescue(VALUE(*)(VALUE),VALUE,VALUE(*)(VALUE,VALUE),VALUE);
                                             ^
1 warning generated.
compiling MappedType.c
compiling MemoryPointer.c
compiling MethodHandle.c
compiling Platform.c
compiling Pointer.c
compiling Struct.c
compiling StructByValue.c
compiling StructLayout.c
compiling Thread.c
compiling Type.c
compiling Types.c
compiling Variadic.c
Variadic.c:270:20: warning: incompatible pointer types passing 'VALUE (void *)' (aka 'unsigned long (void *)') to parameter of type 'VALUE (*)(VALUE)' (aka 'unsigned long (*)(unsigned long)') [-Wincompatible-pointer-types]
        rb_rescue2(rbffi_do_blocking_call, (VALUE) bc, rbffi_save_frame_exception, (VALUE) &frame, rb_eException, (VALUE) 0);
                   ^~~~~~~~~~~~~~~~~~~~~~
/Users/shamselnawawi/.rvm/rubies/ruby-2.7.1/include/ruby-2.7.0/ruby/ruby.h:1988:25: note: passing argument to parameter here
VALUE rb_rescue2(VALUE(*)(VALUE),VALUE,VALUE(*)(VALUE,VALUE),VALUE,...);
                        ^
Variadic.c:270:56: warning: incompatible pointer types passing 'VALUE (void *, VALUE)' (aka 'unsigned long (void *, unsigned long)') to parameter of type 'VALUE (*)(VALUE, VALUE)' (aka 'unsigned long (*)(unsigned long, unsigned long)') [-Wincompatible-pointer-types]
        rb_rescue2(rbffi_do_blocking_call, (VALUE) bc, rbffi_save_frame_exception, (VALUE) &frame, rb_eException, (VALUE) 0);
                                                       ^~~~~~~~~~~~~~~~~~~~~~~~~~
/Users/shamselnawawi/.rvm/rubies/ruby-2.7.1/include/ruby-2.7.0/ruby/ruby.h:1988:47: note: passing argument to parameter here
VALUE rb_rescue2(VALUE(*)(VALUE),VALUE,VALUE(*)(VALUE,VALUE),VALUE,...);
                                              ^
2 warnings generated.
compiling ffi.c
linking shared-object ffi_c.bundle
/usr/local/opt/coreutils/bin/ginstall -c -m 0755 ffi_c.bundle ./.gem.20200908-76687-1dmxy4t
